<?xml version="1.0" encoding="UTF-8"?>
<!-- Generated by org.testng.reporters.JUnitReportReporter -->
<testsuite hostname="LAPTOP-CHOC7JM6" name="runner.RunCuke" tests="1" failures="0" timestamp="1 Nov 2018 13:11:34 GMT" time="0.645" errors="0">
  <testcase name="feature" time="0.645" classname="runner.RunCuke"/>
</testsuite> <!-- runner.RunCuke -->
