<?xml version="1.0" encoding="UTF-8"?>
<!-- Generated by org.testng.reporters.JUnitReportReporter -->
<testsuite hostname="LAPTOP-CHOC7JM6" name="com.addressformatter.AddressformatterApplicationTests" tests="1" failures="0" timestamp="1 Nov 2018 11:13:52 GMT" time="0.009" errors="0">
  <testcase name="contextLoads" time="0.009" classname="com.addressformatter.AddressformatterApplicationTests"/>
</testsuite> <!-- com.addressformatter.AddressformatterApplicationTests -->
